SESS001,B004,U003,ST008,1744400000,1744407200,28.5,1425.00,Fleet
SESS002,B006,U002,ST003,1744412000,1744416500,12.8,384.00,Premium
SESS003,B007,U005,ST006,1744423000,1744426500,45.2,1356.00,Premium
SESS004,B008,U001,ST001,1744431000,1744434600,6.5,195.00,Regular
SESS005,B009,U007,ST004,1744440000,1744443000,8.2,246.00,Regular
S1780371535915,B1780371535383,U001,ST001,1780371535,1780371535,3.60,15.00,Regular
S1780371535793,B1780371535886,U002,ST002,1780371535,1780371535,18.75,45.90,Premium
S1780371535335,B1780371535777,U003,ST003,1780371535,1780371535,60.00,90.00,Fleet
S1780372269915,B1780372269383,U001,ST001,1780372269,1780372269,3.60,15.00,Regular
S1780372269793,B1780372269886,U002,ST002,1780372269,1780372269,18.75,45.90,Premium
S1780372269335,B1780372269777,U003,ST003,1780372269,1780372269,60.00,90.00,Fleet
S1780372588915,B1780372588383,U001,ST001,1780372588,1780372588,3.60,15.00,Regular
S1780372588793,B1780372588886,U002,ST002,1780372588,1780372588,18.75,45.90,Premium
S1780372588335,B1780372588777,U003,ST003,1780372588,1780372588,60.00,90.00,Fleet
S1780372831915,B1780372831383,U001,ST001,1780372831,1780372831,3.60,15.00,Regular
S1780372831793,B1780372831886,U002,ST002,1780372831,1780372831,18.75,45.90,Premium
S1780372831335,B1780372831777,U003,ST003,1780372831,1780372831,60.00,90.00,Fleet
S1780377001915,B1780377001383,U001,ST001,1780377001,1780377001,3.60,15.00,Regular
S1780377001793,B1780377001886,U002,ST002,1780377001,1780377001,18.75,45.90,Premium
S1780377001335,B1780377001777,U003,ST003,1780377001,1780377001,60.00,90.00,Fleet
S1780379021915,B1780379021383,U001,ST001,1780379021,1780379021,3.60,15.00,Regular
S1780379021793,B1780379021886,U002,ST002,1780379021,1780379021,18.75,45.90,Premium
S1780379021335,B1780379021777,U003,ST003,1780379021,1780379021,60.00,90.00,Fleet
S1780379272915,B1780379272383,U001,ST001,1780379272,1780379272,3.60,15.00,Regular
S1780379272793,B1780379272886,U002,ST002,1780379272,1780379272,18.75,45.90,Premium
S1780379272335,B1780379272777,U003,ST003,1780379272,1780379272,60.00,90.00,Fleet
S0001,B0001,U001,ST001,1780379335,1780379335,3.60,15.00,Regular
S0002,B0002,U002,ST002,1780379335,1780379335,18.75,45.90,Premium
S0003,B0003,U003,ST003,1780379335,1780379335,60.00,90.00,Fleet
S0001,B0001,U001,ST001,1780379426,1780379426,3.60,15.00,Regular
S0002,B0002,U002,ST002,1780379426,1780379426,18.75,45.90,Premium
S0003,B0003,U003,ST003,1780379426,1780379426,60.00,90.00,Fleet
S0001,B0001,U001,ST001,1780379739,1780379739,3.60,15.00,Regular
S0002,B0002,U002,ST002,1780379739,1780379739,18.75,45.90,Premium
S0003,B0003,U003,ST003,1780379739,1780379739,60.00,90.00,Fleet
S0001,B0001,U001,ST001,1780381133,1780381133,3.60,15.00,Regular
S0002,B0002,U002,ST002,1780381133,1780381133,18.75,45.90,Premium
S0003,B0003,U003,ST003,1780381133,1780381133,60.00,90.00,Fleet
S0001,B0001,U001,ST001,1780381876,1780381876,3.60,15.00,Regular
S0002,B0002,U002,ST002,1780381876,1780381876,18.75,45.90,Premium
S0003,B0003,U003,ST003,1780381876,1780381876,60.00,90.00,Fleet
S0004,B0004,U0010,ST005,1780382122,1780382178,23.33,57.12,Premium
S0001,B0001,U001,ST001,1780388897,1780388897,3.60,15.00,Regular
S0002,B0002,U002,ST002,1780388897,1780388897,18.75,45.90,Premium
S0003,B0003,U003,ST003,1780388897,1780388897,60.00,90.00,Fleet
S0001,B0001,U001,ST001,1780390144,1780390144,3.60,15.00,Regular
S0002,B0002,U002,ST002,1780390144,1780390144,18.75,45.90,Premium
S0003,B0003,U003,ST003,1780390144,1780390144,60.00,90.00,Fleet
S0001,B0001,U001,ST001,1780391512,1780391512,3.60,15.00,Regular
S0002,B0002,U002,ST002,1780391512,1780391512,18.75,45.90,Premium
S0003,B0003,U003,ST003,1780391512,1780391512,60.00,90.00,Fleet
